2022-09-23 14:40:35.263  INFO 15012 --- [restartedMain] com.example.order1.Order1Application     : Starting Order1Application using Java 17.0.4 on DESKTOP-8DEVOGL with PID 15012 (C:\Users\ASUS\IdeaProjects\Order1\target\classes started by ASUS in C:\Users\ASUS\IdeaProjects\Order1)
2022-09-23 14:40:35.269  INFO 15012 --- [restartedMain] com.example.order1.Order1Application     : The following 1 profile is active: "dev"
2022-09-23 14:40:35.326  INFO 15012 --- [restartedMain] .e.DevToolsPropertyDefaultsPostProcessor : Devtools property defaults active! Set 'spring.devtools.add-properties' to 'false' to disable
2022-09-23 14:40:35.327  INFO 15012 --- [restartedMain] .e.DevToolsPropertyDefaultsPostProcessor : For additional web related logging consider setting the 'logging.level.web' property to 'DEBUG'
2022-09-23 14:40:36.115  INFO 15012 --- [restartedMain] .s.d.r.c.RepositoryConfigurationDelegate : Bootstrapping Spring Data JPA repositories in DEFAULT mode.
2022-09-23 14:40:36.284  INFO 15012 --- [restartedMain] .s.d.r.c.RepositoryConfigurationDelegate : Finished Spring Data repository scanning in 160 ms. Found 1 JPA repository interfaces.
2022-09-23 14:40:36.511  INFO 15012 --- [restartedMain] o.s.cloud.context.scope.GenericScope     : BeanFactory id=6fe17107-7263-3c6a-a9d3-0c94ab4ea5f8
2022-09-23 14:40:37.253  INFO 15012 --- [restartedMain] o.s.b.w.embedded.tomcat.TomcatWebServer  : Tomcat initialized with port(s): 8087 (http)
2022-09-23 14:40:37.265  INFO 15012 --- [restartedMain] o.apache.catalina.core.StandardService   : Starting service [Tomcat]
2022-09-23 14:40:37.266  INFO 15012 --- [restartedMain] org.apache.catalina.core.StandardEngine  : Starting Servlet engine: [Apache Tomcat/9.0.65]
2022-09-23 14:40:37.393  INFO 15012 --- [restartedMain] o.a.c.c.C.[Tomcat].[localhost].[/]       : Initializing Spring embedded WebApplicationContext
2022-09-23 14:40:37.394  INFO 15012 --- [restartedMain] w.s.c.ServletWebServerApplicationContext : Root WebApplicationContext: initialization completed in 2066 ms
2022-09-23 14:40:37.544  INFO 15012 --- [restartedMain] o.hibernate.jpa.internal.util.LogHelper  : HHH000204: Processing PersistenceUnitInfo [name: default]
2022-09-23 14:40:37.631  INFO 15012 --- [restartedMain] org.hibernate.Version                    : HHH000412: Hibernate ORM core version 5.6.10.Final
2022-09-23 14:40:37.831  INFO 15012 --- [restartedMain] o.hibernate.annotations.common.Version   : HCANN000001: Hibernate Commons Annotations {5.1.2.Final}
2022-09-23 14:40:37.950  INFO 15012 --- [restartedMain] com.zaxxer.hikari.HikariDataSource       : HikariPool-1 - Starting...
2022-09-23 14:40:38.411  INFO 15012 --- [restartedMain] com.zaxxer.hikari.HikariDataSource       : HikariPool-1 - Start completed.
2022-09-23 14:40:38.443  INFO 15012 --- [restartedMain] org.hibernate.dialect.Dialect            : HHH000400: Using dialect: org.hibernate.dialect.MySQL8Dialect
2022-09-23 14:40:39.238  INFO 15012 --- [restartedMain] o.h.e.t.j.p.i.JtaPlatformInitiator       : HHH000490: Using JtaPlatform implementation: [org.hibernate.engine.transaction.jta.platform.internal.NoJtaPlatform]
2022-09-23 14:40:39.245  INFO 15012 --- [restartedMain] j.LocalContainerEntityManagerFactoryBean : Initialized JPA EntityManagerFactory for persistence unit 'default'
2022-09-23 14:40:39.569  WARN 15012 --- [restartedMain] JpaBaseConfiguration$JpaWebConfiguration : spring.jpa.open-in-view is enabled by default. Therefore, database queries may be performed during view rendering. Explicitly configure spring.jpa.open-in-view to disable this warning
2022-09-23 14:40:39.815  WARN 15012 --- [restartedMain] ion$DefaultTemplateResolverConfiguration : Cannot find template location: classpath:/templates/ (please add some templates or check your Thymeleaf configuration)
2022-09-23 14:40:39.948  INFO 15012 --- [restartedMain] o.s.b.d.a.OptionalLiveReloadServer       : LiveReload server is running on port 35729
2022-09-23 14:40:40.064  INFO 15012 --- [restartedMain] DiscoveryClientOptionalArgsConfiguration : Eureka HTTP Client uses RestTemplate.
2022-09-23 14:40:40.212  WARN 15012 --- [restartedMain] iguration$LoadBalancerCaffeineWarnLogger : Spring Cloud LoadBalancer is currently working with the default cache. While this cache implementation is useful for development and tests, it's recommended to use Caffeine cache in production.You can switch to using Caffeine cache, by adding it and org.springframework.cache.caffeine.CaffeineCacheManager to the classpath.
2022-09-23 14:40:40.273  INFO 15012 --- [restartedMain] o.s.c.n.eureka.InstanceInfoFactory       : Setting initial instance status as: STARTING
2022-09-23 14:40:40.324  INFO 15012 --- [restartedMain] com.netflix.discovery.DiscoveryClient    : Initializing Eureka in region us-east-1
2022-09-23 14:40:40.329  INFO 15012 --- [restartedMain] c.n.d.s.r.aws.ConfigClusterResolver      : Resolving eureka endpoints via configuration
2022-09-23 14:40:40.354  INFO 15012 --- [restartedMain] com.netflix.discovery.DiscoveryClient    : Disable delta property : false
2022-09-23 14:40:40.354  INFO 15012 --- [restartedMain] com.netflix.discovery.DiscoveryClient    : Single vip registry refresh property : null
2022-09-23 14:40:40.355  INFO 15012 --- [restartedMain] com.netflix.discovery.DiscoveryClient    : Force full registry fetch : false
2022-09-23 14:40:40.355  INFO 15012 --- [restartedMain] com.netflix.discovery.DiscoveryClient    : Application is null : false
2022-09-23 14:40:40.355  INFO 15012 --- [restartedMain] com.netflix.discovery.DiscoveryClient    : Registered Applications size is zero : true
2022-09-23 14:40:40.355  INFO 15012 --- [restartedMain] com.netflix.discovery.DiscoveryClient    : Application version is -1: true
2022-09-23 14:40:40.355  INFO 15012 --- [restartedMain] com.netflix.discovery.DiscoveryClient    : Getting all instance registry info from the eureka server
2022-09-23 14:40:40.703  INFO 15012 --- [restartedMain] com.netflix.discovery.DiscoveryClient    : The response status is 200
2022-09-23 14:40:40.705  INFO 15012 --- [restartedMain] com.netflix.discovery.DiscoveryClient    : Starting heartbeat executor: renew interval is: 30
2022-09-23 14:40:40.718  INFO 15012 --- [restartedMain] c.n.discovery.InstanceInfoReplicator     : InstanceInfoReplicator onDemand update allowed rate per min is 4
2022-09-23 14:40:40.724  INFO 15012 --- [restartedMain] com.netflix.discovery.DiscoveryClient    : Discovery Client initialized at timestamp 1663924240722 with initial instances count: 0
2022-09-23 14:40:40.726  INFO 15012 --- [restartedMain] o.s.c.n.e.s.EurekaServiceRegistry        : Registering application ORDER1-CLIENT with eureka with status UP
2022-09-23 14:40:40.726  INFO 15012 --- [restartedMain] com.netflix.discovery.DiscoveryClient    : Saw local status change event StatusChangeEvent [timestamp=1663924240726, current=UP, previous=STARTING]
2022-09-23 14:40:40.728  INFO 15012 --- [DiscoveryClient-InstanceInfoReplicator-0] com.netflix.discovery.DiscoveryClient    : DiscoveryClient_ORDER1-CLIENT/DESKTOP-8DEVOGL:Order1-Client:8087: registering service...
2022-09-23 14:40:40.756  INFO 15012 --- [restartedMain] o.s.b.w.embedded.tomcat.TomcatWebServer  : Tomcat started on port(s): 8087 (http) with context path ''
2022-09-23 14:40:40.757  INFO 15012 --- [restartedMain] .s.c.n.e.s.EurekaAutoServiceRegistration : Updating port to 8087
2022-09-23 14:40:40.830  INFO 15012 --- [restartedMain] com.example.order1.Order1Application     : Started Order1Application in 6.223 seconds (JVM running for 7.194)
2022-09-23 14:40:40.831  INFO 15012 --- [DiscoveryClient-InstanceInfoReplicator-0] com.netflix.discovery.DiscoveryClient    : DiscoveryClient_ORDER1-CLIENT/DESKTOP-8DEVOGL:Order1-Client:8087 - registration status: 204
2022-09-23 14:41:10.732  INFO 15012 --- [DiscoveryClient-CacheRefreshExecutor-0] com.netflix.discovery.DiscoveryClient    : Disable delta property : false
2022-09-23 14:41:10.733  INFO 15012 --- [DiscoveryClient-CacheRefreshExecutor-0] com.netflix.discovery.DiscoveryClient    : Single vip registry refresh property : null
2022-09-23 14:41:10.734  INFO 15012 --- [DiscoveryClient-CacheRefreshExecutor-0] com.netflix.discovery.DiscoveryClient    : Force full registry fetch : false
2022-09-23 14:41:10.735  INFO 15012 --- [DiscoveryClient-CacheRefreshExecutor-0] com.netflix.discovery.DiscoveryClient    : Application is null : false
2022-09-23 14:41:10.736  INFO 15012 --- [DiscoveryClient-CacheRefreshExecutor-0] com.netflix.discovery.DiscoveryClient    : Registered Applications size is zero : true
2022-09-23 14:41:10.736  INFO 15012 --- [DiscoveryClient-CacheRefreshExecutor-0] com.netflix.discovery.DiscoveryClient    : Application version is -1: false
2022-09-23 14:41:10.736  INFO 15012 --- [DiscoveryClient-CacheRefreshExecutor-0] com.netflix.discovery.DiscoveryClient    : Getting all instance registry info from the eureka server
2022-09-23 14:41:10.768  INFO 15012 --- [DiscoveryClient-CacheRefreshExecutor-0] com.netflix.discovery.DiscoveryClient    : The response status is 200
2022-09-23 14:45:40.370  INFO 15012 --- [AsyncResolver-bootstrap-executor-0] c.n.d.s.r.aws.ConfigClusterResolver      : Resolving eureka endpoints via configuration
2022-09-23 14:50:40.388  INFO 15012 --- [AsyncResolver-bootstrap-executor-0] c.n.d.s.r.aws.ConfigClusterResolver      : Resolving eureka endpoints via configuration
2022-09-23 14:55:40.397  INFO 15012 --- [AsyncResolver-bootstrap-executor-0] c.n.d.s.r.aws.ConfigClusterResolver      : Resolving eureka endpoints via configuration
2022-09-23 15:00:40.415  INFO 15012 --- [AsyncResolver-bootstrap-executor-0] c.n.d.s.r.aws.ConfigClusterResolver      : Resolving eureka endpoints via configuration
2022-09-23 15:05:04.587  INFO 15012 --- [SpringApplicationShutdownHook] o.s.c.n.e.s.EurekaServiceRegistry        : Unregistering application ORDER1-CLIENT with eureka with status DOWN
2022-09-23 15:05:04.589  INFO 15012 --- [SpringApplicationShutdownHook] com.netflix.discovery.DiscoveryClient    : Saw local status change event StatusChangeEvent [timestamp=1663925704589, current=DOWN, previous=UP]
2022-09-23 15:05:04.590  INFO 15012 --- [DiscoveryClient-InstanceInfoReplicator-0] com.netflix.discovery.DiscoveryClient    : DiscoveryClient_ORDER1-CLIENT/DESKTOP-8DEVOGL:Order1-Client:8087: registering service...
2022-09-23 15:05:04.619  INFO 15012 --- [DiscoveryClient-InstanceInfoReplicator-0] com.netflix.discovery.DiscoveryClient    : DiscoveryClient_ORDER1-CLIENT/DESKTOP-8DEVOGL:Order1-Client:8087 - registration status: 204
2022-09-23 15:05:04.999  INFO 15012 --- [SpringApplicationShutdownHook] j.LocalContainerEntityManagerFactoryBean : Closing JPA EntityManagerFactory for persistence unit 'default'
2022-09-23 15:05:05.039  INFO 15012 --- [SpringApplicationShutdownHook] com.zaxxer.hikari.HikariDataSource       : HikariPool-1 - Shutdown initiated...
2022-09-23 15:05:05.129  INFO 15012 --- [SpringApplicationShutdownHook] com.zaxxer.hikari.HikariDataSource       : HikariPool-1 - Shutdown completed.
2022-09-23 15:05:05.132  INFO 15012 --- [SpringApplicationShutdownHook] com.netflix.discovery.DiscoveryClient    : Shutting down DiscoveryClient ...
2022-09-23 15:05:08.147  INFO 15012 --- [SpringApplicationShutdownHook] com.netflix.discovery.DiscoveryClient    : Unregistering ...
2022-09-23 15:05:08.181  INFO 15012 --- [SpringApplicationShutdownHook] com.netflix.discovery.DiscoveryClient    : DiscoveryClient_ORDER1-CLIENT/DESKTOP-8DEVOGL:Order1-Client:8087 - deregister  status: 200
2022-09-23 15:05:08.191  INFO 15012 --- [SpringApplicationShutdownHook] com.netflix.discovery.DiscoveryClient    : Completed shut down of DiscoveryClient
